Quick-Cocos2dx-Community C++ support ready.

------------------------------------------------

LOAD LUA FILE: E:/CurryRunByCocosLua/curryRun/src/main.lua

------------------------------------------------

[LUA-print] ===========================================================

[LUA-print]               LOAD QUICK FRAMEWORK

[LUA-print] ===========================================================

[LUA-print] [INFO] 

[LUA-print] [INFO] # DEBUG                        = 1

[LUA-print] [INFO] #

[LUA-print] [INFO] # device.platform              = windows

[LUA-print] [INFO] # device.model                 = unknown

[LUA-print] [INFO] # device.language              = cn

[LUA-print] [INFO] # device.writablePath          = E:\CurryRunByCocosLua\curryRun\

[LUA-print] [INFO] # device.directorySeparator    = \

[LUA-print] [INFO] # device.pathSeparator         = ;

[LUA-print] [INFO] #

[LUA-print] [INFO] # CONFIG_SCREEN_AUTOSCALE      = FIXED_HEIGHT

[LUA-print] [INFO] # CONFIG_SCREEN_WIDTH          = 359.82

[LUA-print] [INFO] # CONFIG_SCREEN_HEIGHT         = 640.00

[LUA-print] [INFO] # display.widthInPixels        = 750.00

[LUA-print] [INFO] # display.heightInPixels       = 1334.00

[LUA-print] [INFO] # display.contentScaleFactor   = 2.08

[LUA-print] [INFO] # display.width                = 359.82

[LUA-print] [INFO] # display.height               = 640.00

[LUA-print] [INFO] # display.cx                   = 179.91

[LUA-print] [INFO] # display.cy                   = 320.00

[LUA-print] [INFO] # display.left                 = 0.00

[LUA-print] [INFO] # display.right                = 359.82

[LUA-print] [INFO] # display.top                  = 640.00

[LUA-print] [INFO] # display.bottom               = 0.00

[LUA-print] [INFO] # display.c_left               = -179.91

[LUA-print] [INFO] # display.c_right              = 179.91

[LUA-print] [INFO] # display.c_top                = 320.00

[LUA-print] [INFO] # display.c_bottom             = -320.00

[LUA-print] [INFO] #

Node warning: setPhysicsBody sets anchor point to Vec2::ANCHOR_MIDDLE.

Node warning: setPhysicsBody sets anchor point to Vec2::ANCHOR_MIDDLE.

can not get file data of src/app/scenes/EndGameScene.lua

[LUA ERROR] [string ".\framework/cc/mvc/AppBase.lua"]:39: module 'app.scenes.EndGameScene' not found:
	no field package.preload['app.scenes.EndGameScene']
	no file '.\app\scenes\EndGameScene.lua'
	no file 'C:\Users\sangliang\Desktop\Quick-Cocos2dx-Community\quick\player\win32\lua\app\scenes\EndGameScene.lua'
	no file 'C:\Users\sangliang\Desktop\Quick-Cocos2dx-Community\quick\player\win32\lua\app\scenes\EndGameScene\init.lua'
	no file 'E:/CurryRunByCocosLua/curryRun/src/app\scenes\EndGameScene.lua'
	no file 'src/'
	no file '.\app\scenes\EndGameScene.dll'
	no file 'C:\Users\sangliang\Desktop\Quick-Cocos2dx-Community\quick\player\win32\app\scenes\EndGameScene.dll'
	no file 'C:\Users\sangliang\Desktop\Quick-Cocos2dx-Community\quick\player\win32\loadall.dll'
	no file '.\app.dll'
	no file 'C:\Users\sangliang\Desktop\Quick-Cocos2dx-Community\quick\player\win32\app.dll'
	no file 'C:\Users\sangliang\Desktop\Quick-Cocos2dx-Community\quick\player\win32\loadall.dll'

